<?xml version="1.0" encoding="UTF-8"?>
<!-- Generated by org.testng.reporters.JUnitReportReporter -->
<testsuite hostname="DESKTOP-SV17MOP" failures="0" tests="1" name="com.leadAngel.testCases.TC_CrudOperation_accountRoutingTeritorry_AccountManagement" time="252.889" errors="0" timestamp="2023-11-23T13:23:36 IST" skipped="0">
  <testcase classname="com.leadAngel.testCases.TC_CrudOperation_accountRoutingTeritorry_AccountManagement" name="crud_AccountList" time="252.889"/>
  <system-out/>
</testsuite> <!-- com.leadAngel.testCases.TC_CrudOperation_accountRoutingTeritorry_AccountManagement -->
