<?xml version="1.0" encoding="UTF-8"?>
<!-- Generated by org.testng.reporters.JUnitReportReporter -->
<testsuite hostname="DESKTOP-SV17MOP" failures="0" tests="1" name="com.leadAngel.testCases.TC_CrudOperation_AccountRouter_AccountManagement" time="645.619" errors="0" timestamp="2024-09-12T15:23:15 IST" skipped="0">
  <testcase classname="com.leadAngel.testCases.TC_CrudOperation_AccountRouter_AccountManagement" name="AccountManagementTest" time="645.619"/>
  <system-out/>
</testsuite> <!-- com.leadAngel.testCases.TC_CrudOperation_AccountRouter_AccountManagement -->
