<?xml version="1.0" encoding="UTF-8"?>
<!-- Generated by org.testng.reporters.JUnitReportReporter -->
<testsuite hostname="DESKTOP-SV17MOP" failures="0" tests="1" name="com.leadAngel.testCases.TC_CrudOperation_WaitFilter_AccountManagement" time="476.790" errors="0" timestamp="2024-09-12T14:56:30 IST" skipped="0">
  <testcase classname="com.leadAngel.testCases.TC_CrudOperation_WaitFilter_AccountManagement" name="LeadManagementTest" time="476.790"/>
  <system-out/>
</testsuite> <!-- com.leadAngel.testCases.TC_CrudOperation_WaitFilter_AccountManagement -->
