<?xml version="1.0" encoding="UTF-8"?>
<!-- Generated by org.testng.reporters.JUnitReportReporter -->
<testsuite hostname="DESKTOP-SV17MOP" failures="0" tests="1" name="com.leadAngel.testCases.TC_CrudOperation_WaitCondition_AccountManagement" time="603.165" errors="0" timestamp="2024-09-12T15:10:37 IST" skipped="0">
  <testcase classname="com.leadAngel.testCases.TC_CrudOperation_WaitCondition_AccountManagement" name="LeadManagementTest" time="603.165"/>
  <system-out/>
</testsuite> <!-- com.leadAngel.testCases.TC_CrudOperation_WaitCondition_AccountManagement -->
