<?xml version="1.0" encoding="UTF-8"?>
<!-- Generated by org.testng.reporters.JUnitReportReporter -->
<testsuite hostname="DESKTOP-SV17MOP" failures="0" tests="1" name="com.leadAngel.testCases.TC_CrudOperation_AccountList_AccountManagement" time="223.781" errors="0" timestamp="2024-03-08T11:32:24 IST" skipped="0">
  <testcase classname="com.leadAngel.testCases.TC_CrudOperation_AccountList_AccountManagement" name="crud_AccountList" time="223.781"/>
  <system-out/>
</testsuite> <!-- com.leadAngel.testCases.TC_CrudOperation_AccountList_AccountManagement -->
