<?xml version="1.0" encoding="UTF-8"?>
<!-- Generated by org.testng.reporters.JUnitReportReporter -->
<testsuite hostname="DESKTOP-SV17MOP" failures="0" tests="1" name="com.leadAngel.testCases.TC_Sanity_WaitFilter_AccountManagement" time="529.816" errors="0" timestamp="2024-09-12T15:36:36 IST" skipped="0">
  <testcase classname="com.leadAngel.testCases.TC_Sanity_WaitFilter_AccountManagement" name="AccountManagementTest" time="529.816"/>
  <system-out/>
</testsuite> <!-- com.leadAngel.testCases.TC_Sanity_WaitFilter_AccountManagement -->
