<?xml version="1.0" encoding="UTF-8"?>
<!-- Generated by org.testng.reporters.JUnitReportReporter -->
<testsuite hostname="DESKTOP-SV17MOP" failures="0" tests="1" name="com.leadAngel.testCases.TC_Sanity_AccountRoutingTerritory_AccountManagement" time="301.134" errors="0" timestamp="2024-09-12T16:30:08 IST" skipped="0">
  <testcase classname="com.leadAngel.testCases.TC_Sanity_AccountRoutingTerritory_AccountManagement" name="AccountManagement" time="301.134"/>
  <system-out/>
</testsuite> <!-- com.leadAngel.testCases.TC_Sanity_AccountRoutingTerritory_AccountManagement -->
