<?xml version="1.0" encoding="UTF-8"?>
<!-- Generated by org.testng.reporters.JUnitReportReporter -->
<testsuite hostname="DESKTOP-SV17MOP" failures="0" tests="1" name="com.leadAngel.testCases.TC_Sanity_WaitFilter_ContactManagement" time="465.548" errors="0" timestamp="2024-09-12T12:24:34 IST" skipped="0">
  <testcase classname="com.leadAngel.testCases.TC_Sanity_WaitFilter_ContactManagement" name="ContactManagement" time="465.548"/>
  <system-out/>
</testsuite> <!-- com.leadAngel.testCases.TC_Sanity_WaitFilter_ContactManagement -->
