<?xml version="1.0" encoding="UTF-8"?>
<!-- Generated by org.testng.reporters.JUnitReportReporter -->
<testsuite hostname="DESKTOP-SV17MOP" failures="0" tests="1" name="com.leadAngel.testCases.TC_Sanity_CRMcontactFilter_ContactManagement" time="527.777" errors="0" timestamp="2024-09-12T11:57:00 IST" skipped="0">
  <testcase classname="com.leadAngel.testCases.TC_Sanity_CRMcontactFilter_ContactManagement" name="ContactManagementTest" time="527.777"/>
  <system-out/>
</testsuite> <!-- com.leadAngel.testCases.TC_Sanity_CRMcontactFilter_ContactManagement -->
