<?xml version="1.0" encoding="UTF-8"?>
<!-- Generated by org.testng.reporters.JUnitReportReporter -->
<testsuite hostname="DESKTOP-SV17MOP" failures="0" tests="1" name="com.leadAngel.testCases.TC_CrudOperation_ContactProcessingWithoutRouting_ContactManagement" time="581.515" errors="0" timestamp="2024-09-11T19:25:41 IST" skipped="0">
  <testcase classname="com.leadAngel.testCases.TC_CrudOperation_ContactProcessingWithoutRouting_ContactManagement" name="ContactManagement" time="581.515"/>
  <system-out/>
</testsuite> <!-- com.leadAngel.testCases.TC_CrudOperation_ContactProcessingWithoutRouting_ContactManagement -->
