<?xml version="1.0" encoding="UTF-8"?>
<!-- Generated by org.testng.reporters.JUnitReportReporter -->
<testsuite hostname="DESKTOP-SV17MOP" failures="0" tests="1" name="com.leadAngel.testCases.TC_Sanity_ContactRoutingTerritory_ContactManagement" time="404.193" errors="0" timestamp="2024-09-12T12:12:27 IST" skipped="0">
  <testcase classname="com.leadAngel.testCases.TC_Sanity_ContactRoutingTerritory_ContactManagement" name="AccountManagement" time="404.193"/>
  <system-out/>
</testsuite> <!-- com.leadAngel.testCases.TC_Sanity_ContactRoutingTerritory_ContactManagement -->
