<?xml version="1.0" encoding="UTF-8"?>
<!-- Generated by org.testng.reporters.JUnitReportReporter -->
<testsuite hostname="DESKTOP-SV17MOP" failures="0" tests="1" name="com.leadAngel.testCases.TC_Sanity_WaitCondition_ContactManagement" time="292.880" errors="0" timestamp="2024-09-12T12:42:02 IST" skipped="0">
  <testcase classname="com.leadAngel.testCases.TC_Sanity_WaitCondition_ContactManagement" name="crud_AccountList" time="292.880"/>
  <system-out/>
</testsuite> <!-- com.leadAngel.testCases.TC_Sanity_WaitCondition_ContactManagement -->
