<?xml version="1.0" encoding="UTF-8"?>
<!-- Generated by org.testng.reporters.JUnitReportReporter -->
<testsuite hostname="DESKTOP-SV17MOP" failures="0" tests="1" name="com.leadAngel.testCases.TC_CrudOperation_ContactRoutingTerritory_ContactManagement" time="289.550" errors="0" timestamp="2024-09-11T18:15:57 IST" skipped="0">
  <testcase classname="com.leadAngel.testCases.TC_CrudOperation_ContactRoutingTerritory_ContactManagement" name="crud_AccountList" time="289.550"/>
  <system-out/>
</testsuite> <!-- com.leadAngel.testCases.TC_CrudOperation_ContactRoutingTerritory_ContactManagement -->
