<?xml version="1.0" encoding="UTF-8"?>
<!-- Generated by org.testng.reporters.JUnitReportReporter -->
<testsuite hostname="DESKTOP-SV17MOP" failures="0" tests="1" name="com.leadAngel.testCases.TC_CrudOperation_OTSrouter_ContactManagement" time="509.180" errors="0" timestamp="2024-09-12T10:40:43 IST" skipped="0">
  <testcase classname="com.leadAngel.testCases.TC_CrudOperation_OTSrouter_ContactManagement" name="ContactManagement" time="509.180"/>
  <system-out/>
</testsuite> <!-- com.leadAngel.testCases.TC_CrudOperation_OTSrouter_ContactManagement -->
