<?xml version="1.0" encoding="UTF-8"?>
<!-- Generated by org.testng.reporters.JUnitReportReporter -->
<testsuite hostname="DESKTOP-SV17MOP" failures="0" tests="1" name="com.leadAngel.testCases.TC_Sanity_ContactProcessingWithoutRouting_ContactManagement" time="1797.841" errors="0" timestamp="2024-09-12T11:45:31 IST" skipped="0">
  <testcase classname="com.leadAngel.testCases.TC_Sanity_ContactProcessingWithoutRouting_ContactManagement" name="ContactManagement" time="1797.841"/>
  <system-out/>
</testsuite> <!-- com.leadAngel.testCases.TC_Sanity_ContactProcessingWithoutRouting_ContactManagement -->
