<?xml version="1.0" encoding="UTF-8"?>
<!-- Generated by org.testng.reporters.JUnitReportReporter -->
<testsuite hostname="DESKTOP-SV17MOP" failures="0" tests="1" name="com.leadAngel.testCases.TC_CrudOperation_ContactRouter_ContactManagement" time="620.745" errors="0" timestamp="2024-09-11T18:59:48 IST" skipped="0">
  <testcase classname="com.leadAngel.testCases.TC_CrudOperation_ContactRouter_ContactManagement" name="crud_AccountList" time="620.745"/>
  <system-out/>
</testsuite> <!-- com.leadAngel.testCases.TC_CrudOperation_ContactRouter_ContactManagement -->
