<?xml version="1.0" encoding="UTF-8"?>
<!-- Generated by org.testng.reporters.JUnitReportReporter -->
<testsuite hostname="DESKTOP-SV17MOP" failures="0" tests="1" name="com.leadAngel.testCases.TC_CrudOperation_WaitFilter_ContactManagement" time="483.817" errors="0" timestamp="2024-09-11T18:27:52 IST" skipped="0">
  <testcase classname="com.leadAngel.testCases.TC_CrudOperation_WaitFilter_ContactManagement" name="crud_AccountList" time="483.817"/>
  <system-out/>
</testsuite> <!-- com.leadAngel.testCases.TC_CrudOperation_WaitFilter_ContactManagement -->
