<?xml version="1.0" encoding="UTF-8"?>
<!-- Generated by org.testng.reporters.JUnitReportReporter -->
<testsuite hostname="DESKTOP-SV17MOP" failures="0" tests="1" name="com.leadAngel.testCases.TC_Sanity_ContactRouter_ContactManagement" time="1658.588" errors="0" timestamp="2024-09-12T13:14:41 IST" skipped="0">
  <testcase classname="com.leadAngel.testCases.TC_Sanity_ContactRouter_ContactManagement" name="ContactManagement" time="1658.588"/>
  <system-out/>
</testsuite> <!-- com.leadAngel.testCases.TC_Sanity_ContactRouter_ContactManagement -->
