<?xml version="1.0" encoding="UTF-8"?>
<!-- Generated by org.testng.reporters.JUnitReportReporter -->
<testsuite hostname="DESKTOP-SV17MOP" failures="0" tests="1" name="com.leadAngel.testCases.TC_REGRESSION_Login" time="21.510" errors="0" timestamp="2023-11-22T12:53:24 IST" skipped="0">
  <testcase classname="com.leadAngel.testCases.TC_REGRESSION_Login" name="RegressionloginTest" time="21.510"/>
  <system-out/>
</testsuite> <!-- com.leadAngel.testCases.TC_REGRESSION_Login -->
