<?xml version="1.0" encoding="UTF-8"?>
<!-- Generated by org.testng.reporters.JUnitReportReporter -->
<testsuite hostname="DESKTOP-SV17MOP" failures="0" tests="1" name="com.leadAngel.testCases.TC_CrudOperation_WaitCondition_OpportunityModule" time="203.675" errors="0" timestamp="2023-11-20T18:26:13 IST" skipped="0">
  <testcase classname="com.leadAngel.testCases.TC_CrudOperation_WaitCondition_OpportunityModule" name="crud_AccountList" time="203.675"/>
  <system-out/>
</testsuite> <!-- com.leadAngel.testCases.TC_CrudOperation_WaitCondition_OpportunityModule -->
