<?xml version="1.0" encoding="UTF-8"?>
<!-- Generated by org.testng.reporters.JUnitReportReporter -->
<testsuite hostname="DESKTOP-SV17MOP" failures="0" tests="1" name="com.leadAngel.testCases.TC_SANITY_LoginTest" time="27.238" errors="0" timestamp="2023-11-09T15:54:48 IST" skipped="0">
  <testcase classname="com.leadAngel.testCases.TC_SANITY_LoginTest" name="SanityloginTest" time="27.238"/>
  <system-out/>
</testsuite> <!-- com.leadAngel.testCases.TC_SANITY_LoginTest -->
