<?xml version="1.0" encoding="UTF-8"?>
<!-- Generated by org.testng.reporters.JUnitReportReporter -->
<testsuite hostname="DESKTOP-SV17MOP" failures="0" tests="1" name="com.leadAngel.testCases.TC_CrudOperation_accountRoutingTeritorry_AccountManagement" time="237.744" errors="0" timestamp="2023-11-22T17:33:23 IST" skipped="0">
  <testcase classname="com.leadAngel.testCases.TC_CrudOperation_accountRoutingTeritorry_AccountManagement" name="crud_AccountList" time="237.744"/>
  <system-out/>
</testsuite> <!-- com.leadAngel.testCases.TC_CrudOperation_accountRoutingTeritorry_AccountManagement -->
