<?xml version="1.0" encoding="UTF-8"?>
<!-- Generated by org.testng.reporters.JUnitReportReporter -->
<testsuite hostname="DESKTOP-SV17MOP" failures="0" tests="1" name="com.leadAngel.testCases.TC_CrudOperation_AccountList" time="224.354" errors="0" timestamp="2023-11-10T12:51:11 IST" skipped="0">
  <testcase classname="com.leadAngel.testCases.TC_CrudOperation_AccountList" name="crud_AccountList" time="224.354"/>
  <system-out/>
</testsuite> <!-- com.leadAngel.testCases.TC_CrudOperation_AccountList -->
