<?xml version="1.0" encoding="UTF-8"?>
<!-- Generated by org.testng.reporters.JUnitReportReporter -->
<testsuite hostname="DESKTOP-SV17MOP" failures="0" tests="1" name="com.leadAngel.testCases.TC_CrudOperation_CRMcontactFilter_ContactManagement" time="278.057" errors="0" timestamp="2023-11-01T18:24:06 IST" skipped="0">
  <testcase classname="com.leadAngel.testCases.TC_CrudOperation_CRMcontactFilter_ContactManagement" name="ContactManagementTest" time="278.057"/>
  <system-out/>
</testsuite> <!-- com.leadAngel.testCases.TC_CrudOperation_CRMcontactFilter_ContactManagement -->
