<?xml version="1.0" encoding="UTF-8"?>
<!-- Generated by org.testng.reporters.JUnitReportReporter -->
<testsuite hostname="DESKTOP-SV17MOP" failures="0" tests="1" name="com.leadAngel.testCases.TC_CrudOperation_AccountRoutingTerritory" time="239.578" errors="0" timestamp="2023-10-20T12:07:30 IST" skipped="0">
  <testcase classname="com.leadAngel.testCases.TC_CrudOperation_AccountRoutingTerritory" name="crud_AccountList" time="239.578"/>
  <system-out/>
</testsuite> <!-- com.leadAngel.testCases.TC_CrudOperation_AccountRoutingTerritory -->
