<?xml version="1.0" encoding="UTF-8"?>
<!-- Generated by org.testng.reporters.JUnitReportReporter -->
<testsuite hostname="DESKTOP-SV17MOP" failures="0" tests="1" name="com.leadAngel.testCases.TC_CrudOperation_RRT" time="279.471" errors="0" timestamp="2023-11-09T19:04:37 IST" skipped="0">
  <testcase classname="com.leadAngel.testCases.TC_CrudOperation_RRT" name="LeadManagementTest" time="279.471"/>
  <system-out/>
</testsuite> <!-- com.leadAngel.testCases.TC_CrudOperation_RRT -->
