<?xml version="1.0" encoding="UTF-8"?>
<!-- Generated by org.testng.reporters.JUnitReportReporter -->
<testsuite hostname="DESKTOP-SV17MOP" failures="0" tests="1" name="com.leadAngel.testCases.TC_CrudOperation_AEtoSDR" time="296.346" errors="0" timestamp="2023-11-09T16:55:32 IST" skipped="0">
  <testcase classname="com.leadAngel.testCases.TC_CrudOperation_AEtoSDR" name="crud_AE_to_SDR" time="296.346"/>
  <system-out/>
</testsuite> <!-- com.leadAngel.testCases.TC_CrudOperation_AEtoSDR -->
