<?xml version="1.0" encoding="UTF-8"?>
<!-- Generated by org.testng.reporters.JUnitReportReporter -->
<testsuite hostname="DESKTOP-SV17MOP" failures="0" tests="1" name="com.leadAngel.testCases.TC_CrudOpertaion_PartnerTeam_PartnerLeadManagement" time="218.219" errors="0" timestamp="2023-10-25T11:21:21 IST" skipped="0">
  <testcase classname="com.leadAngel.testCases.TC_CrudOpertaion_PartnerTeam_PartnerLeadManagement" name="LeadManagementTest" time="218.219"/>
  <system-out/>
</testsuite> <!-- com.leadAngel.testCases.TC_CrudOpertaion_PartnerTeam_PartnerLeadManagement -->
