<?xml version="1.0" encoding="UTF-8"?>
<!-- Generated by org.testng.reporters.JUnitReportReporter -->
<testsuite hostname="DESKTOP-SV17MOP" failures="0" tests="1" name="com.leadAngel.testCases.TC_CrudOperation_AccountList_AccountManagement" time="231.521" errors="0" timestamp="2023-10-19T16:20:27 IST" skipped="0">
  <testcase classname="com.leadAngel.testCases.TC_CrudOperation_AccountList_AccountManagement" name="crud_AccountList" time="231.521"/>
  <system-out/>
</testsuite> <!-- com.leadAngel.testCases.TC_CrudOperation_AccountList_AccountManagement -->
