<?xml version="1.0" encoding="UTF-8"?>
<!-- Generated by org.testng.reporters.JUnitReportReporter -->
<testsuite hostname="DESKTOP-SV17MOP" failures="0" tests="1" name="com.leadAngel.testCases.TC_CrudOperation_CRMaccountFilter_AccountManagement" time="258.561" errors="0" timestamp="2023-10-19T16:40:51 IST" skipped="0">
  <testcase classname="com.leadAngel.testCases.TC_CrudOperation_CRMaccountFilter_AccountManagement" name="LeadManagementTest" time="258.561"/>
  <system-out/>
</testsuite> <!-- com.leadAngel.testCases.TC_CrudOperation_CRMaccountFilter_AccountManagement -->
