<?xml version="1.0" encoding="UTF-8"?>
<!-- Generated by org.testng.reporters.JUnitReportReporter -->
<testsuite hostname="DESKTOP-SV17MOP" failures="0" tests="1" name="com.leadAngel.testCases.TC_CrudOperation_ContactRoutingTerritory_ContactManagement" time="243.425" errors="0" timestamp="2023-10-23T18:10:19 IST" skipped="0">
  <testcase classname="com.leadAngel.testCases.TC_CrudOperation_ContactRoutingTerritory_ContactManagement" name="crud_AccountList" time="243.425"/>
  <system-out/>
</testsuite> <!-- com.leadAngel.testCases.TC_CrudOperation_ContactRoutingTerritory_ContactManagement -->
