<?xml version="1.0" encoding="UTF-8"?>
<!-- Generated by org.testng.reporters.JUnitReportReporter -->
<testsuite hostname="DESKTOP-SV17MOP" failures="0" tests="1" name="com.leadAngel.testCases.TC_CrudOperation_WST" time="312.186" errors="0" timestamp="2023-11-10T11:55:09 IST" skipped="0">
  <testcase classname="com.leadAngel.testCases.TC_CrudOperation_WST" name="LeadManagementTest" time="312.186"/>
  <system-out/>
</testsuite> <!-- com.leadAngel.testCases.TC_CrudOperation_WST -->
