<?xml version="1.0" encoding="UTF-8"?>
<!-- Generated by org.testng.reporters.JUnitReportReporter -->
<testsuite hostname="DESKTOP-SV17MOP" failures="0" tests="1" name="com.leadAngel.testCases.TC_CrudOperation_LeadFilter" time="362.794" errors="0" timestamp="2023-11-15T11:01:54 IST" skipped="0">
  <testcase classname="com.leadAngel.testCases.TC_CrudOperation_LeadFilter" name="LeadManagementTest" time="362.794"/>
  <system-out/>
</testsuite> <!-- com.leadAngel.testCases.TC_CrudOperation_LeadFilter -->
