<?xml version="1.0" encoding="UTF-8"?>
<!-- Generated by org.testng.reporters.JUnitReportReporter -->
<testsuite hostname="DESKTOP-SV17MOP" failures="0" tests="1" name="com.leadAngel.testCases.TC_CrudOperation_WaitFilter_OpportunityModule" time="192.329" errors="0" timestamp="2023-11-01T12:34:37 IST" skipped="0">
  <testcase classname="com.leadAngel.testCases.TC_CrudOperation_WaitFilter_OpportunityModule" name="crud_AccountList" time="192.329"/>
  <system-out/>
</testsuite> <!-- com.leadAngel.testCases.TC_CrudOperation_WaitFilter_OpportunityModule -->
