<?xml version="1.0" encoding="UTF-8"?>
<!-- Generated by org.testng.reporters.JUnitReportReporter -->
<testsuite hostname="DESKTOP-SV17MOP" failures="0" tests="1" name="com.leadAngel.testCases.TC_CrudOperation_partnerLeadRouter_PartnerLeadManagement" time="593.853" errors="0" timestamp="2023-10-26T12:58:33 IST" skipped="0">
  <testcase classname="com.leadAngel.testCases.TC_CrudOperation_partnerLeadRouter_PartnerLeadManagement" name="PartnerLeadManagementTest" time="593.853"/>
  <system-out/>
</testsuite> <!-- com.leadAngel.testCases.TC_CrudOperation_partnerLeadRouter_PartnerLeadManagement -->
