<?xml version="1.0" encoding="UTF-8"?>
<!-- Generated by org.testng.reporters.JUnitReportReporter -->
<testsuite hostname="DESKTOP-SV17MOP" failures="0" tests="1" name="com.leadAngel.testCases.TC_CrudOperation_CRM_AccFilter" time="353.779" errors="0" timestamp="2023-11-10T16:40:49 IST" skipped="0">
  <testcase classname="com.leadAngel.testCases.TC_CrudOperation_CRM_AccFilter" name="LeadManagementTest" time="353.779"/>
  <system-out/>
</testsuite> <!-- com.leadAngel.testCases.TC_CrudOperation_CRM_AccFilter -->
