<?xml version="1.0" encoding="UTF-8"?>
<!-- Generated by org.testng.reporters.JUnitReportReporter -->
<testsuite hostname="DESKTOP-SV17MOP" failures="0" tests="1" name="com.leadAngel.testCases.TC_CrudOperation_WaitFilter_AccountManagement" time="170.091" errors="0" timestamp="2023-11-22T17:58:50 IST" skipped="0">
  <testcase classname="com.leadAngel.testCases.TC_CrudOperation_WaitFilter_AccountManagement" name="LeadManagementTest" time="170.091"/>
  <system-out/>
</testsuite> <!-- com.leadAngel.testCases.TC_CrudOperation_WaitFilter_AccountManagement -->
