<?xml version="1.0" encoding="UTF-8"?>
<!-- Generated by org.testng.reporters.JUnitReportReporter -->
<testsuite hostname="DESKTOP-SV17MOP" failures="0" tests="1" name="com.leadAngel.testCases.TC_CrudOperation_WaitCondition_ContactManagement" time="181.190" errors="0" timestamp="2023-10-25T16:31:06 IST" skipped="0">
  <testcase classname="com.leadAngel.testCases.TC_CrudOperation_WaitCondition_ContactManagement" name="crud_AccountList" time="181.190"/>
  <system-out/>
</testsuite> <!-- com.leadAngel.testCases.TC_CrudOperation_WaitCondition_ContactManagement -->
