<?xml version="1.0" encoding="UTF-8"?>
<!-- Generated by org.testng.reporters.JUnitReportReporter -->
<testsuite hostname="DESKTOP-SV17MOP" failures="0" tests="1" name="com.leadAngel.testCases.TC_CrudOperation_WaitCondition_PartnerLeadManagement" time="185.029" errors="0" timestamp="2023-10-26T11:25:30 IST" skipped="0">
  <testcase classname="com.leadAngel.testCases.TC_CrudOperation_WaitCondition_PartnerLeadManagement" name="PartnerLeadManagementTest" time="185.029"/>
  <system-out/>
</testsuite> <!-- com.leadAngel.testCases.TC_CrudOperation_WaitCondition_PartnerLeadManagement -->
