<?xml version="1.0" encoding="UTF-8"?>
<!-- Generated by org.testng.reporters.JUnitReportReporter -->
<testsuite hostname="DESKTOP-SV17MOP" failures="0" tests="1" name="com.leadAngel.testCases.TC_CrudOperation_AnalyticsAccountList" time="210.219" errors="0" timestamp="2023-10-31T17:31:30 IST" skipped="0">
  <testcase classname="com.leadAngel.testCases.TC_CrudOperation_AnalyticsAccountList" name="crud_AccountList" time="210.219"/>
  <system-out/>
</testsuite> <!-- com.leadAngel.testCases.TC_CrudOperation_AnalyticsAccountList -->
