<?xml version="1.0" encoding="UTF-8"?>
<!-- Generated by org.testng.reporters.JUnitReportReporter -->
<testsuite hostname="DESKTOP-SV17MOP" failures="0" tests="1" name="com.leadAngel.testCases.TC_CrudOperation_RoundRobinTeam_AccountManagement" time="220.186" errors="0" timestamp="2023-11-22T19:04:39 IST" skipped="0">
  <testcase classname="com.leadAngel.testCases.TC_CrudOperation_RoundRobinTeam_AccountManagement" name="LeadManagementTest" time="220.186"/>
  <system-out/>
</testsuite> <!-- com.leadAngel.testCases.TC_CrudOperation_RoundRobinTeam_AccountManagement -->
