<?xml version="1.0" encoding="UTF-8"?>
<!-- Generated by org.testng.reporters.JUnitReportReporter -->
<testsuite hostname="DESKTOP-SV17MOP" failures="0" tests="1" name="com.leadAngel.testCases.ContactRoutingTerritory_ContactManagement" time="243.777" errors="0" timestamp="2023-10-23T15:58:45 IST" skipped="0">
  <testcase classname="com.leadAngel.testCases.ContactRoutingTerritory_ContactManagement" name="crud_AccountList" time="243.777"/>
  <system-out/>
</testsuite> <!-- com.leadAngel.testCases.ContactRoutingTerritory_ContactManagement -->
