<?xml version="1.0" encoding="UTF-8"?>
<!-- Generated by org.testng.reporters.JUnitReportReporter -->
<testsuite hostname="DESKTOP-SV17MOP" failures="0" tests="1" name="com.leadAngel.testCases.TC_CrudOperation_CRMopportunityFilter_OpportunityManagement" time="232.702" errors="0" timestamp="2023-10-30T12:48:20 IST" skipped="0">
  <testcase classname="com.leadAngel.testCases.TC_CrudOperation_CRMopportunityFilter_OpportunityManagement" name="LeadManagementTest" time="232.702"/>
  <system-out/>
</testsuite> <!-- com.leadAngel.testCases.TC_CrudOperation_CRMopportunityFilter_OpportunityManagement -->
