<?xml version="1.0" encoding="UTF-8"?>
<!-- Generated by org.testng.reporters.JUnitReportReporter -->
<testsuite hostname="DESKTOP-SV17MOP" failures="0" tests="1" name="com.leadAngel.testCases.TC_CrudOperation_Events_CalenderIntegration" time="297.244" errors="0" timestamp="2024-09-09T17:00:43 IST" skipped="0">
  <testcase classname="com.leadAngel.testCases.TC_CrudOperation_Events_CalenderIntegration" name="crud_AccountList" time="297.244"/>
  <system-out/>
</testsuite> <!-- com.leadAngel.testCases.TC_CrudOperation_Events_CalenderIntegration -->
