<?xml version="1.0" encoding="UTF-8"?>
<!-- Generated by org.testng.reporters.JUnitReportReporter -->
<testsuite hostname="DESKTOP-SV17MOP" failures="0" tests="1" name="com.leadAngel.testCases.TC_CrudOperation_ContactRouter_ContactManagement" time="608.529" errors="0" timestamp="2023-11-21T16:06:30 IST" skipped="0">
  <testcase classname="com.leadAngel.testCases.TC_CrudOperation_ContactRouter_ContactManagement" name="crud_AccountList" time="608.529"/>
  <system-out/>
</testsuite> <!-- com.leadAngel.testCases.TC_CrudOperation_ContactRouter_ContactManagement -->
