<?xml version="1.0" encoding="UTF-8"?>
<!-- Generated by org.testng.reporters.JUnitReportReporter -->
<testsuite hostname="DESKTOP-SV17MOP" failures="0" tests="1" name="com.leadAngel.testCases.TC_CrudOperation_Forms" time="287.278" errors="0" timestamp="2024-09-13T19:43:57 IST" skipped="0">
  <testcase classname="com.leadAngel.testCases.TC_CrudOperation_Forms" name="AdministrationTest" time="287.278"/>
  <system-out/>
</testsuite> <!-- com.leadAngel.testCases.TC_CrudOperation_Forms -->
