<?xml version="1.0" encoding="UTF-8"?>
<!-- Generated by org.testng.reporters.JUnitReportReporter -->
<testsuite hostname="DESKTOP-SV17MOP" failures="0" tests="1" name="com.leadAngel.testCases.TC_Sanity_DataCleanupPreference_Administration" time="165.426" errors="0" timestamp="2024-09-14T17:06:03 IST" skipped="0">
  <testcase classname="com.leadAngel.testCases.TC_Sanity_DataCleanupPreference_Administration" name="AdministrationTest" time="165.426"/>
  <system-out/>
</testsuite> <!-- com.leadAngel.testCases.TC_Sanity_DataCleanupPreference_Administration -->
