<?xml version="1.0" encoding="UTF-8"?>
<!-- Generated by org.testng.reporters.JUnitReportReporter -->
<testsuite hostname="DESKTOP-SV17MOP" failures="0" tests="1" name="com.leadAngel.testCases.TC_Sanity_Recaptcha_Administartion" time="206.951" errors="0" timestamp="2024-09-16T16:18:43 IST" skipped="0">
  <testcase classname="com.leadAngel.testCases.TC_Sanity_Recaptcha_Administartion" name="AdministrationTest" time="206.951"/>
  <system-out/>
</testsuite> <!-- com.leadAngel.testCases.TC_Sanity_Recaptcha_Administartion -->
