<?xml version="1.0" encoding="UTF-8"?>
<!-- Generated by org.testng.reporters.JUnitReportReporter -->
<testsuite hostname="DESKTOP-SV17MOP" failures="0" tests="1" name="com.leadAngel.testCases.TC_Sanity_Holiday_Administration" time="158.439" errors="0" timestamp="2024-09-14T16:08:32 IST" skipped="0">
  <testcase classname="com.leadAngel.testCases.TC_Sanity_Holiday_Administration" name="AdministrationTest" time="158.439"/>
  <system-out/>
</testsuite> <!-- com.leadAngel.testCases.TC_Sanity_Holiday_Administration -->
