<?xml version="1.0" encoding="UTF-8"?>
<!-- Generated by org.testng.reporters.JUnitReportReporter -->
<testsuite hostname="DESKTOP-SV17MOP" failures="0" tests="1" name="com.leadAngel.testCases.TC_Sanity_OwnerAttributes_DataDictionaryIndex_Administration" time="21.791" errors="0" timestamp="2024-09-14T16:00:42 IST" skipped="0">
  <testcase classname="com.leadAngel.testCases.TC_Sanity_OwnerAttributes_DataDictionaryIndex_Administration" name="AdministrationTest" time="21.791"/>
  <system-out/>
</testsuite> <!-- com.leadAngel.testCases.TC_Sanity_OwnerAttributes_DataDictionaryIndex_Administration -->
