<?xml version="1.0" encoding="UTF-8"?>
<!-- Generated by org.testng.reporters.JUnitReportReporter -->
<testsuite hostname="DESKTOP-SV17MOP" failures="0" tests="1" name="com.leadAngel.testCases.TC_CrudOperation_AutoConversion_Administration" time="555.162" errors="0" timestamp="2024-09-13T17:44:46 IST" skipped="0">
  <testcase classname="com.leadAngel.testCases.TC_CrudOperation_AutoConversion_Administration" name="AdministrationTest" time="555.162"/>
  <system-out/>
</testsuite> <!-- com.leadAngel.testCases.TC_CrudOperation_AutoConversion_Administration -->
