<?xml version="1.0" encoding="UTF-8"?>
<!-- Generated by org.testng.reporters.JUnitReportReporter -->
<testsuite hostname="DESKTOP-SV17MOP" failures="0" tests="1" name="com.leadAngel.testCases.TC_Sanity_DedupeFlaggingPreference_Administration" time="189.172" errors="0" timestamp="2024-09-14T17:15:50 IST" skipped="0">
  <testcase classname="com.leadAngel.testCases.TC_Sanity_DedupeFlaggingPreference_Administration" name="AdministrationTest" time="189.172"/>
  <system-out/>
</testsuite> <!-- com.leadAngel.testCases.TC_Sanity_DedupeFlaggingPreference_Administration -->
