<?xml version="1.0" encoding="UTF-8"?>
<!-- Generated by org.testng.reporters.JUnitReportReporter -->
<testsuite hostname="DESKTOP-SV17MOP" failures="0" tests="1" name="com.leadAngel.testCases.TC_Sanity_RoutingPreference_Analytics" time="267.136" errors="0" timestamp="2024-05-21T15:48:56 IST" skipped="0">
  <testcase classname="com.leadAngel.testCases.TC_Sanity_RoutingPreference_Analytics" name="AdministrationTest" time="267.136"/>
  <system-out/>
</testsuite> <!-- com.leadAngel.testCases.TC_Sanity_RoutingPreference_Analytics -->
