<?xml version="1.0" encoding="UTF-8"?>
<!-- Generated by org.testng.reporters.JUnitReportReporter -->
<testsuite hostname="DESKTOP-SV17MOP" failures="0" tests="1" name="com.leadAngel.testCases.TC_CrudOperation_Webhook" time="804.716" errors="0" timestamp="2024-09-13T19:04:37 IST" skipped="0">
  <testcase classname="com.leadAngel.testCases.TC_CrudOperation_Webhook" name="AdministrationTest" time="804.716"/>
  <system-out/>
</testsuite> <!-- com.leadAngel.testCases.TC_CrudOperation_Webhook -->
