<?xml version="1.0" encoding="UTF-8"?>
<!-- Generated by org.testng.reporters.JUnitReportReporter -->
<testsuite hostname="DESKTOP-SV17MOP" failures="0" tests="1" name="com.leadAngel.testCases.TC_Sanity_AcceptanceConfirmationCRM_Administration" time="291.191" errors="0" timestamp="2024-09-14T16:56:38 IST" skipped="0">
  <testcase classname="com.leadAngel.testCases.TC_Sanity_AcceptanceConfirmationCRM_Administration" name="AdministrationTest" time="291.191"/>
  <system-out/>
</testsuite> <!-- com.leadAngel.testCases.TC_Sanity_AcceptanceConfirmationCRM_Administration -->
