<?xml version="1.0" encoding="UTF-8"?>
<!-- Generated by org.testng.reporters.JUnitReportReporter -->
<testsuite hostname="DESKTOP-SV17MOP" failures="0" tests="1" name="com.leadAngel.testCases.TC_Sanity_Maintenance_Administration" time="11.279" errors="0" timestamp="2024-09-14T17:29:43 IST" skipped="0">
  <testcase classname="com.leadAngel.testCases.TC_Sanity_Maintenance_Administration" name="AdministrationTest" time="11.279"/>
  <system-out/>
</testsuite> <!-- com.leadAngel.testCases.TC_Sanity_Maintenance_Administration -->
