<?xml version="1.0" encoding="UTF-8"?>
<!-- Generated by org.testng.reporters.JUnitReportReporter -->
<testsuite hostname="DESKTOP-SV17MOP" failures="0" tests="1" name="com.leadAngel.testCases.TC_Sanity_RejectConfirmation_Administration" time="267.772" errors="0" timestamp="2024-09-14T16:20:14 IST" skipped="0">
  <testcase classname="com.leadAngel.testCases.TC_Sanity_RejectConfirmation_Administration" name="AdministrationTest" time="267.772"/>
  <system-out/>
</testsuite> <!-- com.leadAngel.testCases.TC_Sanity_RejectConfirmation_Administration -->
