<?xml version="1.0" encoding="UTF-8"?>
<!-- Generated by org.testng.reporters.JUnitReportReporter -->
<testsuite hostname="DESKTOP-SV17MOP" failures="0" tests="1" name="com.leadAngel.testCases.TC_CrudOperation_Twilio_Administration" time="621.039" errors="0" timestamp="2024-09-13T18:39:43 IST" skipped="0">
  <testcase classname="com.leadAngel.testCases.TC_CrudOperation_Twilio_Administration" name="AdministrationTest" time="621.039"/>
  <system-out/>
</testsuite> <!-- com.leadAngel.testCases.TC_CrudOperation_Twilio_Administration -->
