<?xml version="1.0" encoding="UTF-8"?>
<!-- Generated by org.testng.reporters.JUnitReportReporter -->
<testsuite hostname="DESKTOP-SV17MOP" failures="0" tests="1" name="com.leadAngel.testCases.TC_Sanity_UserAndAccess_Administration" time="131.000" errors="0" timestamp="2024-09-02T12:26:06 IST" skipped="0">
  <testcase classname="com.leadAngel.testCases.TC_Sanity_UserAndAccess_Administration" name="AdministrationTest" time="131.000"/>
  <system-out/>
</testsuite> <!-- com.leadAngel.testCases.TC_Sanity_UserAndAccess_Administration -->
