<?xml version="1.0" encoding="UTF-8"?>
<!-- Generated by org.testng.reporters.JUnitReportReporter -->
<testsuite hostname="DESKTOP-SV17MOP" failures="0" tests="1" name="com.leadAngel.testCases.TC_Sanity_OTSScreenAssignmentConfirmation_Administration" time="292.015" errors="0" timestamp="2024-09-14T16:26:33 IST" skipped="0">
  <testcase classname="com.leadAngel.testCases.TC_Sanity_OTSScreenAssignmentConfirmation_Administration" name="AdministrationTest" time="292.015"/>
  <system-out/>
</testsuite> <!-- com.leadAngel.testCases.TC_Sanity_OTSScreenAssignmentConfirmation_Administration -->
