<?xml version="1.0" encoding="UTF-8"?>
<!-- Generated by org.testng.reporters.JUnitReportReporter -->
<testsuite hostname="DESKTOP-SV17MOP" failures="0" tests="1" name="com.leadAngel.testCases.TC_Sanity_UploadCSVtoCRM_Analytics" time="93.526" errors="0" timestamp="2024-09-14T17:27:38 IST" skipped="0">
  <testcase classname="com.leadAngel.testCases.TC_Sanity_UploadCSVtoCRM_Analytics" name="AdministrationTest" time="93.526"/>
  <system-out/>
</testsuite> <!-- com.leadAngel.testCases.TC_Sanity_UploadCSVtoCRM_Analytics -->
