<?xml version="1.0" encoding="UTF-8"?>
<!-- Generated by org.testng.reporters.JUnitReportReporter -->
<testsuite hostname="DESKTOP-SV17MOP" failures="0" tests="1" name="com.leadAngel.testCases.TC_CrudOperation_CRMinApp_Administration" time="727.962" errors="0" timestamp="2024-09-13T17:58:24 IST" skipped="0">
  <testcase classname="com.leadAngel.testCases.TC_CrudOperation_CRMinApp_Administration" name="AdministrationTest" time="727.962"/>
  <system-out/>
</testsuite> <!-- com.leadAngel.testCases.TC_CrudOperation_CRMinApp_Administration -->
