<?xml version="1.0" encoding="UTF-8"?>
<!-- Generated by org.testng.reporters.JUnitReportReporter -->
<testsuite hostname="DESKTOP-SV17MOP" failures="0" tests="1" name="com.leadAngel.testCases.TC_Sanity_Contact_DataDictionaryIndex_Administration" time="247.856" errors="0" timestamp="2024-09-14T15:50:51 IST" skipped="0">
  <testcase classname="com.leadAngel.testCases.TC_Sanity_Contact_DataDictionaryIndex_Administration" name="AdministrationTest" time="247.856"/>
  <system-out/>
</testsuite> <!-- com.leadAngel.testCases.TC_Sanity_Contact_DataDictionaryIndex_Administration -->
