<?xml version="1.0" encoding="UTF-8"?>
<!-- Generated by org.testng.reporters.JUnitReportReporter -->
<testsuite hostname="DESKTOP-SV17MOP" failures="0" tests="1" name="com.leadAngel.testCases.TC_CrudOperation_Email_Administration" time="911.937" errors="0" timestamp="2024-09-13T17:34:20 IST" skipped="0">
  <testcase classname="com.leadAngel.testCases.TC_CrudOperation_Email_Administration" name="AdministrationTest" time="911.937"/>
  <system-out/>
</testsuite> <!-- com.leadAngel.testCases.TC_CrudOperation_Email_Administration -->
