<?xml version="1.0" encoding="UTF-8"?>
<!-- Generated by org.testng.reporters.JUnitReportReporter -->
<testsuite hostname="DESKTOP-SV17MOP" failures="0" tests="1" name="com.leadAngel.testCases.TC_Sanity_PartnerManagement_Administration" time="145.658" errors="0" timestamp="2024-09-16T19:10:48 IST" skipped="0">
  <testcase classname="com.leadAngel.testCases.TC_Sanity_PartnerManagement_Administration" name="AdministrationTest" time="145.658"/>
  <system-out/>
</testsuite> <!-- com.leadAngel.testCases.TC_Sanity_PartnerManagement_Administration -->
