<?xml version="1.0" encoding="UTF-8"?>
<!-- Generated by org.testng.reporters.JUnitReportReporter -->
<testsuite hostname="DESKTOP-SV17MOP" failures="0" tests="1" name="com.leadAngel.testCases.TC_Sanity_SAMLConfiguration_Administration" time="37.767" errors="0" timestamp="2024-09-02T18:24:58 IST" skipped="0">
  <testcase classname="com.leadAngel.testCases.TC_Sanity_SAMLConfiguration_Administration" name="AdministrationTest" time="37.767"/>
  <system-out/>
</testsuite> <!-- com.leadAngel.testCases.TC_Sanity_SAMLConfiguration_Administration -->
