<?xml version="1.0" encoding="UTF-8"?>
<!-- Generated by org.testng.reporters.JUnitReportReporter -->
<testsuite hostname="DESKTOP-SV17MOP" failures="0" tests="1" name="com.leadAngel.testCases.TC_Sanity_Lead_DataDictionaryIndex_Administration" time="153.117" errors="0" timestamp="2024-09-14T15:54:19 IST" skipped="0">
  <testcase classname="com.leadAngel.testCases.TC_Sanity_Lead_DataDictionaryIndex_Administration" name="AdministrationTest" time="153.117"/>
  <system-out/>
</testsuite> <!-- com.leadAngel.testCases.TC_Sanity_Lead_DataDictionaryIndex_Administration -->
