<?xml version="1.0" encoding="UTF-8"?>
<!-- Generated by org.testng.reporters.JUnitReportReporter -->
<testsuite hostname="DESKTOP-SV17MOP" failures="0" tests="1" name="com.leadAngel.testCases.TC_Sanity_AcceptanceConfirmationSlack_Administration" time="324.174" errors="0" timestamp="2024-09-14T16:50:29 IST" skipped="0">
  <testcase classname="com.leadAngel.testCases.TC_Sanity_AcceptanceConfirmationSlack_Administration" name="AdministrationTest" time="324.174"/>
  <system-out/>
</testsuite> <!-- com.leadAngel.testCases.TC_Sanity_AcceptanceConfirmationSlack_Administration -->
