<?xml version="1.0" encoding="UTF-8"?>
<!-- Generated by org.testng.reporters.JUnitReportReporter -->
<testsuite hostname="DESKTOP-SV17MOP" failures="0" tests="1" name="com.leadAngel.testCases.TC_Sanity_Opportunity_DataDictionaryIndex_Administration" time="152.764" errors="0" timestamp="2024-09-14T15:59:25 IST" skipped="0">
  <testcase classname="com.leadAngel.testCases.TC_Sanity_Opportunity_DataDictionaryIndex_Administration" name="AdministrationTest" time="152.764"/>
  <system-out/>
</testsuite> <!-- com.leadAngel.testCases.TC_Sanity_Opportunity_DataDictionaryIndex_Administration -->
