<?xml version="1.0" encoding="UTF-8"?>
<!-- Generated by org.testng.reporters.JUnitReportReporter -->
<testsuite hostname="DESKTOP-SV17MOP" failures="0" tests="1" name="com.leadAngel.testCases.TC_Sanity_ReferralDomains_Administration" time="106.350" errors="0" timestamp="2024-09-14T17:42:44 IST" skipped="0">
  <testcase classname="com.leadAngel.testCases.TC_Sanity_ReferralDomains_Administration" name="AdministrationTest" time="106.350"/>
  <system-out/>
</testsuite> <!-- com.leadAngel.testCases.TC_Sanity_ReferralDomains_Administration -->
