<?xml version="1.0" encoding="UTF-8"?>
<!-- Generated by org.testng.reporters.JUnitReportReporter -->
<testsuite hostname="DESKTOP-SV17MOP" failures="0" tests="1" name="com.leadAngel.testCases.TC_CrudOpertaion_PartnerTeam_PartnerLeadManagement" time="570.593" errors="0" timestamp="2024-09-14T19:40:50 IST" skipped="0">
  <testcase classname="com.leadAngel.testCases.TC_CrudOpertaion_PartnerTeam_PartnerLeadManagement" name="PrtnerLeadManagementTest" time="570.593"/>
  <system-out/>
</testsuite> <!-- com.leadAngel.testCases.TC_CrudOpertaion_PartnerTeam_PartnerLeadManagement -->
