<?xml version="1.0" encoding="UTF-8"?>
<!-- Generated by org.testng.reporters.JUnitReportReporter -->
<testsuite hostname="DESKTOP-SV17MOP" failures="0" tests="1" name="com.leadAngel.testCases.TC_Sanity_PartnerLeadRouter_PartnerLeadManagement" time="1997.681" errors="0" timestamp="2024-09-14T18:25:49 IST" skipped="0">
  <testcase classname="com.leadAngel.testCases.TC_Sanity_PartnerLeadRouter_PartnerLeadManagement" name="PartnerLeadManagementTest" time="1997.681"/>
  <system-out/>
</testsuite> <!-- com.leadAngel.testCases.TC_Sanity_PartnerLeadRouter_PartnerLeadManagement -->
