<?xml version="1.0" encoding="UTF-8"?>
<!-- Generated by org.testng.reporters.JUnitReportReporter -->
<testsuite hostname="DESKTOP-SV17MOP" failures="0" tests="1" name="com.leadAngel.testCases.TC_CrudOperation_partnerLeadRouter_PartnerLeadManagement" time="620.153" errors="0" timestamp="2024-09-14T19:05:03 IST" skipped="0">
  <testcase classname="com.leadAngel.testCases.TC_CrudOperation_partnerLeadRouter_PartnerLeadManagement" name="PartnerLeadManagementTest" time="620.153"/>
  <system-out/>
</testsuite> <!-- com.leadAngel.testCases.TC_CrudOperation_partnerLeadRouter_PartnerLeadManagement -->
