<?xml version="1.0" encoding="UTF-8"?>
<!-- Generated by org.testng.reporters.JUnitReportReporter -->
<testsuite hostname="DESKTOP-SV17MOP" failures="0" tests="1" name="com.leadAngel.testCases.TC_CrudOperation_WaitFilter_PartnerLeadManagement" time="432.929" errors="0" timestamp="2024-09-14T19:29:34 IST" skipped="0">
  <testcase classname="com.leadAngel.testCases.TC_CrudOperation_WaitFilter_PartnerLeadManagement" name="PartnerLeadManagementTest" time="432.929"/>
  <system-out/>
</testsuite> <!-- com.leadAngel.testCases.TC_CrudOperation_WaitFilter_PartnerLeadManagement -->
