<?xml version="1.0" encoding="UTF-8"?>
<!-- Generated by org.testng.reporters.JUnitReportReporter -->
<testsuite hostname="DESKTOP-SV17MOP" failures="0" tests="1" name="com.leadAngel.testCases.TC_Sanity_WaitFilter_PartnerLeadmanagement" time="472.745" errors="0" timestamp="2024-09-14T18:45:08 IST" skipped="0">
  <testcase classname="com.leadAngel.testCases.TC_Sanity_WaitFilter_PartnerLeadmanagement" name="PartnerLeadManagementTest" time="472.745"/>
  <system-out/>
</testsuite> <!-- com.leadAngel.testCases.TC_Sanity_WaitFilter_PartnerLeadmanagement -->
