<?xml version="1.0" encoding="UTF-8"?>
<!-- Generated by org.testng.reporters.JUnitReportReporter -->
<testsuite hostname="DESKTOP-SV17MOP" failures="0" tests="1" name="com.leadAngel.testCases.TC_Profile_UserSettings" time="126.316" errors="0" timestamp="2024-09-06T15:45:38 IST" skipped="0">
  <testcase classname="com.leadAngel.testCases.TC_Profile_UserSettings" name="UserSetting" time="126.316"/>
  <system-out/>
</testsuite> <!-- com.leadAngel.testCases.TC_Profile_UserSettings -->
