<?xml version="1.0" encoding="UTF-8"?>
<!-- Generated by org.testng.reporters.JUnitReportReporter -->
<testsuite hostname="DESKTOP-SV17MOP" failures="0" tests="1" name="com.leadAngel.testCases.TestClass" time="16.795" errors="0" timestamp="2024-07-13T02:09:10 IST" skipped="0">
  <testcase classname="com.leadAngel.testCases.TestClass" name="DragOperation" time="16.795"/>
  <system-out/>
</testsuite> <!-- com.leadAngel.testCases.TestClass -->
