<?xml version="1.0" encoding="UTF-8"?>
<!-- Generated by org.testng.reporters.JUnitReportReporter -->
<testsuite hostname="DESKTOP-SV17MOP" failures="0" tests="1" name="com.leadAngel.testCases.TC_Sanity_FallbackAssignee_UserSettings" time="23.544" errors="0" timestamp="2024-09-06T12:38:18 IST" skipped="0">
  <testcase classname="com.leadAngel.testCases.TC_Sanity_FallbackAssignee_UserSettings" name="UserSetting" time="23.544"/>
  <system-out/>
</testsuite> <!-- com.leadAngel.testCases.TC_Sanity_FallbackAssignee_UserSettings -->
