<?xml version="1.0" encoding="UTF-8"?>
<!-- Generated by org.testng.reporters.JUnitReportReporter -->
<testsuite hostname="DESKTOP-SV17MOP" failures="0" tests="1" name="com.leadAngel.testCases.TC_Sanity_Availability_UserSettings" time="78.550" errors="0" timestamp="2024-09-06T12:32:37 IST" skipped="0">
  <testcase classname="com.leadAngel.testCases.TC_Sanity_Availability_UserSettings" name="UserSetting" time="78.550"/>
  <system-out/>
</testsuite> <!-- com.leadAngel.testCases.TC_Sanity_Availability_UserSettings -->
