<?xml version="1.0" encoding="UTF-8"?>
<!-- Generated by org.testng.reporters.JUnitReportReporter -->
<testsuite hostname="DESKTOP-SV17MOP" failures="0" tests="1" name="com.leadAngel.testCases.TC_Sanity_WaitFilter_OpportunityManagement" time="465.140" errors="0" timestamp="2024-09-12T18:36:44 IST" skipped="0">
  <testcase classname="com.leadAngel.testCases.TC_Sanity_WaitFilter_OpportunityManagement" name="OpportunityManagement" time="465.140"/>
  <system-out/>
</testsuite> <!-- com.leadAngel.testCases.TC_Sanity_WaitFilter_OpportunityManagement -->
