<?xml version="1.0" encoding="UTF-8"?>
<!-- Generated by org.testng.reporters.JUnitReportReporter -->
<testsuite hostname="DESKTOP-SV17MOP" failures="0" tests="1" name="com.leadAngel.testCases.TC_Sanity_CRMopportunityFilter_OpportunityManagement" time="472.874" errors="0" timestamp="2024-09-12T18:27:17 IST" skipped="0">
  <testcase classname="com.leadAngel.testCases.TC_Sanity_CRMopportunityFilter_OpportunityManagement" name="OpportunityManagementTest" time="472.874"/>
  <system-out/>
</testsuite> <!-- com.leadAngel.testCases.TC_Sanity_CRMopportunityFilter_OpportunityManagement -->
