<?xml version="1.0" encoding="UTF-8"?>
<!-- Generated by org.testng.reporters.JUnitReportReporter -->
<testsuite hostname="DESKTOP-SV17MOP" failures="0" tests="1" name="com.leadAngel.testCases.TC_CrudOperation_WaitCondition_OpportunityModule" time="622.884" errors="0" timestamp="2024-09-12T17:30:32 IST" skipped="0">
  <testcase classname="com.leadAngel.testCases.TC_CrudOperation_WaitCondition_OpportunityModule" name="OpportunityManagement" time="622.884"/>
  <system-out/>
</testsuite> <!-- com.leadAngel.testCases.TC_CrudOperation_WaitCondition_OpportunityModule -->
