<?xml version="1.0" encoding="UTF-8"?>
<!-- Generated by org.testng.reporters.JUnitReportReporter -->
<testsuite hostname="DESKTOP-SV17MOP" failures="0" tests="1" name="com.leadAngel.testCases.TC_Sanity_OpportunityRoutingTerritory_OpportunityManagement" time="350.715" errors="0" timestamp="2024-09-16T10:39:52 IST" skipped="0">
  <testcase classname="com.leadAngel.testCases.TC_Sanity_OpportunityRoutingTerritory_OpportunityManagement" name="OpportunityManagement" time="350.715"/>
  <system-out/>
</testsuite> <!-- com.leadAngel.testCases.TC_Sanity_OpportunityRoutingTerritory_OpportunityManagement -->
