<?xml version="1.0" encoding="UTF-8"?>
<!-- Generated by org.testng.reporters.JUnitReportReporter -->
<testsuite hostname="DESKTOP-SV17MOP" failures="0" tests="1" name="com.leadAngel.testCases.TC_CrudOperation_OpportunityRouter_OpportunityManagement" time="667.900" errors="0" timestamp="2024-09-12T17:43:23 IST" skipped="0">
  <testcase classname="com.leadAngel.testCases.TC_CrudOperation_OpportunityRouter_OpportunityManagement" name="OpportunityManagement" time="667.900"/>
  <system-out/>
</testsuite> <!-- com.leadAngel.testCases.TC_CrudOperation_OpportunityRouter_OpportunityManagement -->
