<?xml version="1.0" encoding="UTF-8"?>
<!-- Generated by org.testng.reporters.JUnitReportReporter -->
<testsuite hostname="DESKTOP-SV17MOP" failures="0" tests="1" name="com.leadAngel.testCases.TC_REGRESSION_Login" time="59.558" errors="0" timestamp="2024-01-16T18:46:02 IST" skipped="0">
  <testcase classname="com.leadAngel.testCases.TC_REGRESSION_Login" name="RegressionloginTest" time="59.558"/>
  <system-out/>
</testsuite> <!-- com.leadAngel.testCases.TC_REGRESSION_Login -->
